[2024-02-19 20:46:37,094] {taskinstance.py:1159} INFO - Dependencies all met for <TaskInstance: elt_reddit_pipeline.extract_reddit_data scheduled__2024-02-18T00:00:00+00:00 [queued]>
[2024-02-19 20:46:37,099] {taskinstance.py:1159} INFO - Dependencies all met for <TaskInstance: elt_reddit_pipeline.extract_reddit_data scheduled__2024-02-18T00:00:00+00:00 [queued]>
[2024-02-19 20:46:37,099] {taskinstance.py:1356} INFO - 
--------------------------------------------------------------------------------
[2024-02-19 20:46:37,100] {taskinstance.py:1357} INFO - Starting attempt 1 of 2
[2024-02-19 20:46:37,100] {taskinstance.py:1358} INFO - 
--------------------------------------------------------------------------------
[2024-02-19 20:46:37,114] {taskinstance.py:1377} INFO - Executing <Task(BashOperator): extract_reddit_data> on 2024-02-18 00:00:00+00:00
[2024-02-19 20:46:37,118] {standard_task_runner.py:52} INFO - Started process 71 to run task
[2024-02-19 20:46:37,124] {standard_task_runner.py:79} INFO - Running: ['***', 'tasks', 'run', 'elt_reddit_pipeline', 'extract_reddit_data', 'scheduled__2024-02-18T00:00:00+00:00', '--job-id', '3', '--raw', '--subdir', 'DAGS_FOLDER/elt_reddit_pipeline.py', '--cfg-path', '/tmp/tmpu_ect97v', '--error-file', '/tmp/tmpgh24lav_']
[2024-02-19 20:46:37,124] {standard_task_runner.py:80} INFO - Job 3: Subtask extract_reddit_data
[2024-02-19 20:46:37,195] {task_command.py:370} INFO - Running <TaskInstance: elt_reddit_pipeline.extract_reddit_data scheduled__2024-02-18T00:00:00+00:00 [running]> on host 6e721f38b1d5
[2024-02-19 20:46:37,259] {taskinstance.py:1571} INFO - Exporting the following env vars:
AIRFLOW_CTX_DAG_OWNER=***
AIRFLOW_CTX_DAG_ID=elt_reddit_pipeline
AIRFLOW_CTX_TASK_ID=extract_reddit_data
AIRFLOW_CTX_EXECUTION_DATE=2024-02-18T00:00:00+00:00
AIRFLOW_CTX_TRY_NUMBER=1
AIRFLOW_CTX_DAG_RUN_ID=scheduled__2024-02-18T00:00:00+00:00
[2024-02-19 20:46:37,260] {subprocess.py:62} INFO - Tmp dir root location: 
 /tmp
[2024-02-19 20:46:37,260] {subprocess.py:74} INFO - Running command: ['bash', '-c', 'python /opt/***/extraction/extract_reddit_etl.py 20240219']
[2024-02-19 20:46:37,274] {subprocess.py:85} INFO - Output:
[2024-02-19 20:46:39,092] {subprocess.py:96} INFO - Command exited with return code 0
[2024-02-19 20:46:39,114] {taskinstance.py:1400} INFO - Marking task as SUCCESS. dag_id=elt_reddit_pipeline, task_id=extract_reddit_data, execution_date=20240218T000000, start_date=20240219T204637, end_date=20240219T204639
[2024-02-19 20:46:39,155] {local_task_job.py:156} INFO - Task exited with return code 0
[2024-02-19 20:46:39,186] {local_task_job.py:273} INFO - 1 downstream tasks scheduled from follow-on schedule check
