[2024-02-21 14:53:38,542] {taskinstance.py:1159} INFO - Dependencies all met for <TaskInstance: elt_reddit_pipeline_weekly.upload_to_s3 scheduled__2024-02-20T00:00:00+00:00 [queued]>
[2024-02-21 14:53:38,547] {taskinstance.py:1159} INFO - Dependencies all met for <TaskInstance: elt_reddit_pipeline_weekly.upload_to_s3 scheduled__2024-02-20T00:00:00+00:00 [queued]>
[2024-02-21 14:53:38,547] {taskinstance.py:1356} INFO - 
--------------------------------------------------------------------------------
[2024-02-21 14:53:38,547] {taskinstance.py:1357} INFO - Starting attempt 1 of 2
[2024-02-21 14:53:38,547] {taskinstance.py:1358} INFO - 
--------------------------------------------------------------------------------
[2024-02-21 14:53:38,553] {taskinstance.py:1377} INFO - Executing <Task(BashOperator): upload_to_s3> on 2024-02-20 00:00:00+00:00
[2024-02-21 14:53:38,556] {standard_task_runner.py:52} INFO - Started process 82 to run task
[2024-02-21 14:53:38,558] {standard_task_runner.py:79} INFO - Running: ['***', 'tasks', 'run', 'elt_reddit_pipeline_weekly', 'upload_to_s3', 'scheduled__2024-02-20T00:00:00+00:00', '--job-id', '27', '--raw', '--subdir', 'DAGS_FOLDER/elt_reddit_pipeline.py', '--cfg-path', '/tmp/tmpnceajn__', '--error-file', '/tmp/tmp6yixw62o']
[2024-02-21 14:53:38,558] {standard_task_runner.py:80} INFO - Job 27: Subtask upload_to_s3
[2024-02-21 14:53:38,583] {task_command.py:370} INFO - Running <TaskInstance: elt_reddit_pipeline_weekly.upload_to_s3 scheduled__2024-02-20T00:00:00+00:00 [running]> on host 7f17b285f3b4
[2024-02-21 14:53:38,610] {taskinstance.py:1571} INFO - Exporting the following env vars:
AIRFLOW_CTX_DAG_OWNER=***
AIRFLOW_CTX_DAG_ID=elt_reddit_pipeline_weekly
AIRFLOW_CTX_TASK_ID=upload_to_s3
AIRFLOW_CTX_EXECUTION_DATE=2024-02-20T00:00:00+00:00
AIRFLOW_CTX_TRY_NUMBER=1
AIRFLOW_CTX_DAG_RUN_ID=scheduled__2024-02-20T00:00:00+00:00
[2024-02-21 14:53:38,611] {subprocess.py:62} INFO - Tmp dir root location: 
 /tmp
[2024-02-21 14:53:38,611] {subprocess.py:74} INFO - Running command: ['bash', '-c', 'python /opt/***/extraction/upload_aws_s3_etl.py 20240221']
[2024-02-21 14:53:38,615] {subprocess.py:85} INFO - Output:
[2024-02-21 14:53:39,782] {subprocess.py:96} INFO - Command exited with return code 0
[2024-02-21 14:53:39,802] {taskinstance.py:1400} INFO - Marking task as SUCCESS. dag_id=elt_reddit_pipeline_weekly, task_id=upload_to_s3, execution_date=20240220T000000, start_date=20240221T145338, end_date=20240221T145339
[2024-02-21 14:53:39,846] {local_task_job.py:156} INFO - Task exited with return code 0
[2024-02-21 14:53:39,863] {local_task_job.py:273} INFO - 1 downstream tasks scheduled from follow-on schedule check
