[2024-02-20 00:00:07,082] {taskinstance.py:1159} INFO - Dependencies all met for <TaskInstance: elt_reddit_pipeline_weekly.copy_to_redshift scheduled__2024-02-19T00:00:00+00:00 [queued]>
[2024-02-20 00:00:07,087] {taskinstance.py:1159} INFO - Dependencies all met for <TaskInstance: elt_reddit_pipeline_weekly.copy_to_redshift scheduled__2024-02-19T00:00:00+00:00 [queued]>
[2024-02-20 00:00:07,087] {taskinstance.py:1356} INFO - 
--------------------------------------------------------------------------------
[2024-02-20 00:00:07,087] {taskinstance.py:1357} INFO - Starting attempt 1 of 2
[2024-02-20 00:00:07,087] {taskinstance.py:1358} INFO - 
--------------------------------------------------------------------------------
[2024-02-20 00:00:07,094] {taskinstance.py:1377} INFO - Executing <Task(BashOperator): copy_to_redshift> on 2024-02-19 00:00:00+00:00
[2024-02-20 00:00:07,098] {standard_task_runner.py:52} INFO - Started process 166 to run task
[2024-02-20 00:00:07,101] {standard_task_runner.py:79} INFO - Running: ['***', 'tasks', 'run', 'elt_reddit_pipeline_weekly', 'copy_to_redshift', 'scheduled__2024-02-19T00:00:00+00:00', '--job-id', '23', '--raw', '--subdir', 'DAGS_FOLDER/elt_reddit_pipeline.py', '--cfg-path', '/tmp/tmp6ngnn0xn', '--error-file', '/tmp/tmpww3swgt9']
[2024-02-20 00:00:07,101] {standard_task_runner.py:80} INFO - Job 23: Subtask copy_to_redshift
[2024-02-20 00:00:07,128] {task_command.py:370} INFO - Running <TaskInstance: elt_reddit_pipeline_weekly.copy_to_redshift scheduled__2024-02-19T00:00:00+00:00 [running]> on host 7f17b285f3b4
[2024-02-20 00:00:07,159] {taskinstance.py:1571} INFO - Exporting the following env vars:
AIRFLOW_CTX_DAG_OWNER=***
AIRFLOW_CTX_DAG_ID=elt_reddit_pipeline_weekly
AIRFLOW_CTX_TASK_ID=copy_to_redshift
AIRFLOW_CTX_EXECUTION_DATE=2024-02-19T00:00:00+00:00
AIRFLOW_CTX_TRY_NUMBER=1
AIRFLOW_CTX_DAG_RUN_ID=scheduled__2024-02-19T00:00:00+00:00
[2024-02-20 00:00:07,160] {subprocess.py:62} INFO - Tmp dir root location: 
 /tmp
[2024-02-20 00:00:07,160] {subprocess.py:74} INFO - Running command: ['bash', '-c', 'python /opt/***/extraction/upload_aws_redshift_etl.py 20240220']
[2024-02-20 00:00:07,165] {subprocess.py:85} INFO - Output:
[2024-02-20 00:00:08,542] {subprocess.py:96} INFO - Command exited with return code 0
[2024-02-20 00:00:08,593] {taskinstance.py:1400} INFO - Marking task as SUCCESS. dag_id=elt_reddit_pipeline_weekly, task_id=copy_to_redshift, execution_date=20240219T000000, start_date=20240220T000007, end_date=20240220T000008
[2024-02-20 00:00:08,614] {local_task_job.py:156} INFO - Task exited with return code 0
[2024-02-20 00:00:08,658] {local_task_job.py:273} INFO - 0 downstream tasks scheduled from follow-on schedule check
