[2024-02-19 23:58:55,574] {taskinstance.py:1159} INFO - Dependencies all met for <TaskInstance: elt_reddit_pipeline_weekly.extract_reddit_data scheduled__2024-02-18T00:00:00+00:00 [queued]>
[2024-02-19 23:58:55,579] {taskinstance.py:1159} INFO - Dependencies all met for <TaskInstance: elt_reddit_pipeline_weekly.extract_reddit_data scheduled__2024-02-18T00:00:00+00:00 [queued]>
[2024-02-19 23:58:55,579] {taskinstance.py:1356} INFO - 
--------------------------------------------------------------------------------
[2024-02-19 23:58:55,579] {taskinstance.py:1357} INFO - Starting attempt 1 of 2
[2024-02-19 23:58:55,579] {taskinstance.py:1358} INFO - 
--------------------------------------------------------------------------------
[2024-02-19 23:58:55,586] {taskinstance.py:1377} INFO - Executing <Task(BashOperator): extract_reddit_data> on 2024-02-18 00:00:00+00:00
[2024-02-19 23:58:55,589] {standard_task_runner.py:52} INFO - Started process 70 to run task
[2024-02-19 23:58:55,591] {standard_task_runner.py:79} INFO - Running: ['***', 'tasks', 'run', 'elt_reddit_pipeline_weekly', 'extract_reddit_data', 'scheduled__2024-02-18T00:00:00+00:00', '--job-id', '18', '--raw', '--subdir', 'DAGS_FOLDER/elt_reddit_pipeline.py', '--cfg-path', '/tmp/tmp9dupmr4e', '--error-file', '/tmp/tmpsr0d5qbs']
[2024-02-19 23:58:55,591] {standard_task_runner.py:80} INFO - Job 18: Subtask extract_reddit_data
[2024-02-19 23:58:55,646] {task_command.py:370} INFO - Running <TaskInstance: elt_reddit_pipeline_weekly.extract_reddit_data scheduled__2024-02-18T00:00:00+00:00 [running]> on host 7f17b285f3b4
[2024-02-19 23:58:55,696] {taskinstance.py:1571} INFO - Exporting the following env vars:
AIRFLOW_CTX_DAG_OWNER=***
AIRFLOW_CTX_DAG_ID=elt_reddit_pipeline_weekly
AIRFLOW_CTX_TASK_ID=extract_reddit_data
AIRFLOW_CTX_EXECUTION_DATE=2024-02-18T00:00:00+00:00
AIRFLOW_CTX_TRY_NUMBER=1
AIRFLOW_CTX_DAG_RUN_ID=scheduled__2024-02-18T00:00:00+00:00
[2024-02-19 23:58:55,698] {subprocess.py:62} INFO - Tmp dir root location: 
 /tmp
[2024-02-19 23:58:55,700] {subprocess.py:74} INFO - Running command: ['bash', '-c', 'python /opt/***/extraction/extract_reddit_etl.py 20240219']
[2024-02-19 23:58:55,711] {subprocess.py:85} INFO - Output:
[2024-02-19 23:58:59,511] {subprocess.py:96} INFO - Command exited with return code 0
[2024-02-19 23:58:59,553] {taskinstance.py:1400} INFO - Marking task as SUCCESS. dag_id=elt_reddit_pipeline_weekly, task_id=extract_reddit_data, execution_date=20240218T000000, start_date=20240219T235855, end_date=20240219T235859
[2024-02-19 23:58:59,581] {local_task_job.py:156} INFO - Task exited with return code 0
[2024-02-19 23:58:59,611] {local_task_job.py:273} INFO - 1 downstream tasks scheduled from follow-on schedule check
