[2024-02-19 23:46:18,823] {taskinstance.py:1159} INFO - Dependencies all met for <TaskInstance: elt_reddit_pipeline.upload_to_s3 manual__2024-02-19T23:46:12.125856+00:00 [queued]>
[2024-02-19 23:46:18,836] {taskinstance.py:1159} INFO - Dependencies all met for <TaskInstance: elt_reddit_pipeline.upload_to_s3 manual__2024-02-19T23:46:12.125856+00:00 [queued]>
[2024-02-19 23:46:18,836] {taskinstance.py:1356} INFO - 
--------------------------------------------------------------------------------
[2024-02-19 23:46:18,836] {taskinstance.py:1357} INFO - Starting attempt 1 of 2
[2024-02-19 23:46:18,837] {taskinstance.py:1358} INFO - 
--------------------------------------------------------------------------------
[2024-02-19 23:46:18,851] {taskinstance.py:1377} INFO - Executing <Task(BashOperator): upload_to_s3> on 2024-02-19 23:46:12.125856+00:00
[2024-02-19 23:46:18,857] {standard_task_runner.py:52} INFO - Started process 344 to run task
[2024-02-19 23:46:18,861] {standard_task_runner.py:79} INFO - Running: ['***', 'tasks', 'run', 'elt_reddit_pipeline', 'upload_to_s3', 'manual__2024-02-19T23:46:12.125856+00:00', '--job-id', '9', '--raw', '--subdir', 'DAGS_FOLDER/elt_reddit_pipeline.py', '--cfg-path', '/tmp/tmpme_skj5c', '--error-file', '/tmp/tmpb6rwe3ym']
[2024-02-19 23:46:18,862] {standard_task_runner.py:80} INFO - Job 9: Subtask upload_to_s3
[2024-02-19 23:46:18,913] {task_command.py:370} INFO - Running <TaskInstance: elt_reddit_pipeline.upload_to_s3 manual__2024-02-19T23:46:12.125856+00:00 [running]> on host 7f17b285f3b4
[2024-02-19 23:46:18,988] {taskinstance.py:1571} INFO - Exporting the following env vars:
AIRFLOW_CTX_DAG_OWNER=***
AIRFLOW_CTX_DAG_ID=elt_reddit_pipeline
AIRFLOW_CTX_TASK_ID=upload_to_s3
AIRFLOW_CTX_EXECUTION_DATE=2024-02-19T23:46:12.125856+00:00
AIRFLOW_CTX_TRY_NUMBER=1
AIRFLOW_CTX_DAG_RUN_ID=manual__2024-02-19T23:46:12.125856+00:00
[2024-02-19 23:46:18,992] {subprocess.py:62} INFO - Tmp dir root location: 
 /tmp
[2024-02-19 23:46:18,993] {subprocess.py:74} INFO - Running command: ['bash', '-c', 'python /opt/***/extraction/upload_aws_s3_etl.py 20240219']
[2024-02-19 23:46:19,000] {subprocess.py:85} INFO - Output:
[2024-02-19 23:46:20,613] {subprocess.py:96} INFO - Command exited with return code 0
[2024-02-19 23:46:20,644] {taskinstance.py:1400} INFO - Marking task as SUCCESS. dag_id=elt_reddit_pipeline, task_id=upload_to_s3, execution_date=20240219T234612, start_date=20240219T234618, end_date=20240219T234620
[2024-02-19 23:46:20,670] {local_task_job.py:156} INFO - Task exited with return code 0
[2024-02-19 23:46:20,702] {local_task_job.py:273} INFO - 1 downstream tasks scheduled from follow-on schedule check
