[2024-02-21 14:53:40,399] {taskinstance.py:1159} INFO - Dependencies all met for <TaskInstance: elt_reddit_pipeline_weekly.copy_to_redshift scheduled__2024-02-20T00:00:00+00:00 [queued]>
[2024-02-21 14:53:40,404] {taskinstance.py:1159} INFO - Dependencies all met for <TaskInstance: elt_reddit_pipeline_weekly.copy_to_redshift scheduled__2024-02-20T00:00:00+00:00 [queued]>
[2024-02-21 14:53:40,404] {taskinstance.py:1356} INFO - 
--------------------------------------------------------------------------------
[2024-02-21 14:53:40,405] {taskinstance.py:1357} INFO - Starting attempt 1 of 2
[2024-02-21 14:53:40,405] {taskinstance.py:1358} INFO - 
--------------------------------------------------------------------------------
[2024-02-21 14:53:40,412] {taskinstance.py:1377} INFO - Executing <Task(BashOperator): copy_to_redshift> on 2024-02-20 00:00:00+00:00
[2024-02-21 14:53:40,415] {standard_task_runner.py:52} INFO - Started process 89 to run task
[2024-02-21 14:53:40,417] {standard_task_runner.py:79} INFO - Running: ['***', 'tasks', 'run', 'elt_reddit_pipeline_weekly', 'copy_to_redshift', 'scheduled__2024-02-20T00:00:00+00:00', '--job-id', '28', '--raw', '--subdir', 'DAGS_FOLDER/elt_reddit_pipeline.py', '--cfg-path', '/tmp/tmptlj1mq0_', '--error-file', '/tmp/tmphpoapnkv']
[2024-02-21 14:53:40,417] {standard_task_runner.py:80} INFO - Job 28: Subtask copy_to_redshift
[2024-02-21 14:53:40,444] {task_command.py:370} INFO - Running <TaskInstance: elt_reddit_pipeline_weekly.copy_to_redshift scheduled__2024-02-20T00:00:00+00:00 [running]> on host 7f17b285f3b4
[2024-02-21 14:53:40,478] {taskinstance.py:1571} INFO - Exporting the following env vars:
AIRFLOW_CTX_DAG_OWNER=***
AIRFLOW_CTX_DAG_ID=elt_reddit_pipeline_weekly
AIRFLOW_CTX_TASK_ID=copy_to_redshift
AIRFLOW_CTX_EXECUTION_DATE=2024-02-20T00:00:00+00:00
AIRFLOW_CTX_TRY_NUMBER=1
AIRFLOW_CTX_DAG_RUN_ID=scheduled__2024-02-20T00:00:00+00:00
[2024-02-21 14:53:40,479] {subprocess.py:62} INFO - Tmp dir root location: 
 /tmp
[2024-02-21 14:53:40,479] {subprocess.py:74} INFO - Running command: ['bash', '-c', 'python /opt/***/extraction/upload_aws_redshift_etl.py 20240221']
[2024-02-21 14:53:40,483] {subprocess.py:85} INFO - Output:
[2024-02-21 14:53:43,253] {subprocess.py:96} INFO - Command exited with return code 0
[2024-02-21 14:53:43,301] {taskinstance.py:1400} INFO - Marking task as SUCCESS. dag_id=elt_reddit_pipeline_weekly, task_id=copy_to_redshift, execution_date=20240220T000000, start_date=20240221T145340, end_date=20240221T145343
[2024-02-21 14:53:43,330] {local_task_job.py:156} INFO - Task exited with return code 0
[2024-02-21 14:53:43,354] {local_task_job.py:273} INFO - 0 downstream tasks scheduled from follow-on schedule check
