[2024-02-19 23:49:06,269] {taskinstance.py:1159} INFO - Dependencies all met for <TaskInstance: elt_reddit_pipeline.copy_to_redshift manual__2024-02-19T23:49:00.748701+00:00 [queued]>
[2024-02-19 23:49:06,273] {taskinstance.py:1159} INFO - Dependencies all met for <TaskInstance: elt_reddit_pipeline.copy_to_redshift manual__2024-02-19T23:49:00.748701+00:00 [queued]>
[2024-02-19 23:49:06,274] {taskinstance.py:1356} INFO - 
--------------------------------------------------------------------------------
[2024-02-19 23:49:06,274] {taskinstance.py:1357} INFO - Starting attempt 1 of 2
[2024-02-19 23:49:06,274] {taskinstance.py:1358} INFO - 
--------------------------------------------------------------------------------
[2024-02-19 23:49:06,280] {taskinstance.py:1377} INFO - Executing <Task(BashOperator): copy_to_redshift> on 2024-02-19 23:49:00.748701+00:00
[2024-02-19 23:49:06,283] {standard_task_runner.py:52} INFO - Started process 99 to run task
[2024-02-19 23:49:06,285] {standard_task_runner.py:79} INFO - Running: ['***', 'tasks', 'run', 'elt_reddit_pipeline', 'copy_to_redshift', 'manual__2024-02-19T23:49:00.748701+00:00', '--job-id', '15', '--raw', '--subdir', 'DAGS_FOLDER/elt_reddit_pipeline.py', '--cfg-path', '/tmp/tmpl6p5fztr', '--error-file', '/tmp/tmpiqn0g2_v']
[2024-02-19 23:49:06,285] {standard_task_runner.py:80} INFO - Job 15: Subtask copy_to_redshift
[2024-02-19 23:49:06,309] {task_command.py:370} INFO - Running <TaskInstance: elt_reddit_pipeline.copy_to_redshift manual__2024-02-19T23:49:00.748701+00:00 [running]> on host 7f17b285f3b4
[2024-02-19 23:49:06,372] {taskinstance.py:1571} INFO - Exporting the following env vars:
AIRFLOW_CTX_DAG_OWNER=***
AIRFLOW_CTX_DAG_ID=elt_reddit_pipeline
AIRFLOW_CTX_TASK_ID=copy_to_redshift
AIRFLOW_CTX_EXECUTION_DATE=2024-02-19T23:49:00.748701+00:00
AIRFLOW_CTX_TRY_NUMBER=1
AIRFLOW_CTX_DAG_RUN_ID=manual__2024-02-19T23:49:00.748701+00:00
[2024-02-19 23:49:06,373] {subprocess.py:62} INFO - Tmp dir root location: 
 /tmp
[2024-02-19 23:49:06,373] {subprocess.py:74} INFO - Running command: ['bash', '-c', 'python /opt/***/extraction/upload_aws_redshift_etl.py 20240219']
[2024-02-19 23:49:06,380] {subprocess.py:85} INFO - Output:
[2024-02-19 23:49:27,591] {subprocess.py:96} INFO - Command exited with return code 0
[2024-02-19 23:49:27,658] {taskinstance.py:1400} INFO - Marking task as SUCCESS. dag_id=elt_reddit_pipeline, task_id=copy_to_redshift, execution_date=20240219T234900, start_date=20240219T234906, end_date=20240219T234927
[2024-02-19 23:49:27,687] {local_task_job.py:156} INFO - Task exited with return code 0
[2024-02-19 23:49:27,700] {local_task_job.py:273} INFO - 0 downstream tasks scheduled from follow-on schedule check
