[2024-02-19 23:46:12,909] {taskinstance.py:1159} INFO - Dependencies all met for <TaskInstance: elt_reddit_pipeline.extract_reddit_data manual__2024-02-19T23:46:12.125856+00:00 [queued]>
[2024-02-19 23:46:12,915] {taskinstance.py:1159} INFO - Dependencies all met for <TaskInstance: elt_reddit_pipeline.extract_reddit_data manual__2024-02-19T23:46:12.125856+00:00 [queued]>
[2024-02-19 23:46:12,915] {taskinstance.py:1356} INFO - 
--------------------------------------------------------------------------------
[2024-02-19 23:46:12,915] {taskinstance.py:1357} INFO - Starting attempt 1 of 2
[2024-02-19 23:46:12,915] {taskinstance.py:1358} INFO - 
--------------------------------------------------------------------------------
[2024-02-19 23:46:12,922] {taskinstance.py:1377} INFO - Executing <Task(BashOperator): extract_reddit_data> on 2024-02-19 23:46:12.125856+00:00
[2024-02-19 23:46:12,925] {standard_task_runner.py:52} INFO - Started process 331 to run task
[2024-02-19 23:46:12,927] {standard_task_runner.py:79} INFO - Running: ['***', 'tasks', 'run', 'elt_reddit_pipeline', 'extract_reddit_data', 'manual__2024-02-19T23:46:12.125856+00:00', '--job-id', '8', '--raw', '--subdir', 'DAGS_FOLDER/elt_reddit_pipeline.py', '--cfg-path', '/tmp/tmpbh7f7t9y', '--error-file', '/tmp/tmpesp02xdr']
[2024-02-19 23:46:12,927] {standard_task_runner.py:80} INFO - Job 8: Subtask extract_reddit_data
[2024-02-19 23:46:12,957] {task_command.py:370} INFO - Running <TaskInstance: elt_reddit_pipeline.extract_reddit_data manual__2024-02-19T23:46:12.125856+00:00 [running]> on host 7f17b285f3b4
[2024-02-19 23:46:13,013] {taskinstance.py:1571} INFO - Exporting the following env vars:
AIRFLOW_CTX_DAG_OWNER=***
AIRFLOW_CTX_DAG_ID=elt_reddit_pipeline
AIRFLOW_CTX_TASK_ID=extract_reddit_data
AIRFLOW_CTX_EXECUTION_DATE=2024-02-19T23:46:12.125856+00:00
AIRFLOW_CTX_TRY_NUMBER=1
AIRFLOW_CTX_DAG_RUN_ID=manual__2024-02-19T23:46:12.125856+00:00
[2024-02-19 23:46:13,014] {subprocess.py:62} INFO - Tmp dir root location: 
 /tmp
[2024-02-19 23:46:13,014] {subprocess.py:74} INFO - Running command: ['bash', '-c', 'python /opt/***/extraction/extract_reddit_etl.py 20240219']
[2024-02-19 23:46:13,021] {subprocess.py:85} INFO - Output:
[2024-02-19 23:46:17,502] {subprocess.py:96} INFO - Command exited with return code 0
[2024-02-19 23:46:17,547] {taskinstance.py:1400} INFO - Marking task as SUCCESS. dag_id=elt_reddit_pipeline, task_id=extract_reddit_data, execution_date=20240219T234612, start_date=20240219T234612, end_date=20240219T234617
[2024-02-19 23:46:17,576] {local_task_job.py:156} INFO - Task exited with return code 0
[2024-02-19 23:46:17,604] {local_task_job.py:273} INFO - 1 downstream tasks scheduled from follow-on schedule check
