[2024-02-21 14:53:29,209] {processor.py:153} INFO - Started process (PID=42) to work on /opt/airflow/dags/elt_reddit_pipeline.py
[2024-02-21 14:53:29,212] {processor.py:641} INFO - Processing file /opt/airflow/dags/elt_reddit_pipeline.py for tasks to queue
[2024-02-21 14:53:29,217] {logging_mixin.py:115} INFO - [2024-02-21 14:53:29,217] {dagbag.py:507} INFO - Filling up the DagBag from /opt/airflow/dags/elt_reddit_pipeline.py
[2024-02-21 14:53:29,234] {processor.py:651} INFO - DAG(s) dict_keys(['elt_reddit_pipeline_weekly']) retrieved from /opt/airflow/dags/elt_reddit_pipeline.py
[2024-02-21 14:53:29,329] {logging_mixin.py:115} INFO - [2024-02-21 14:53:29,328] {dag.py:2379} INFO - Sync 1 DAGs
[2024-02-21 14:53:29,368] {processor.py:161} INFO - Processing /opt/airflow/dags/elt_reddit_pipeline.py took 0.162 seconds
[2024-02-21 14:53:59,480] {processor.py:153} INFO - Started process (PID=70) to work on /opt/airflow/dags/elt_reddit_pipeline.py
[2024-02-21 14:53:59,481] {processor.py:641} INFO - Processing file /opt/airflow/dags/elt_reddit_pipeline.py for tasks to queue
[2024-02-21 14:53:59,482] {logging_mixin.py:115} INFO - [2024-02-21 14:53:59,482] {dagbag.py:507} INFO - Filling up the DagBag from /opt/airflow/dags/elt_reddit_pipeline.py
[2024-02-21 14:53:59,530] {processor.py:651} INFO - DAG(s) dict_keys(['elt_reddit_pipeline_weekly']) retrieved from /opt/airflow/dags/elt_reddit_pipeline.py
[2024-02-21 14:53:59,579] {logging_mixin.py:115} INFO - [2024-02-21 14:53:59,579] {dag.py:2379} INFO - Sync 1 DAGs
[2024-02-21 14:53:59,615] {logging_mixin.py:115} INFO - [2024-02-21 14:53:59,615] {dag.py:2931} INFO - Setting next_dagrun for elt_reddit_pipeline_weekly to 2024-02-21T00:00:00+00:00, run_after=2024-02-22T00:00:00+00:00
[2024-02-21 14:53:59,626] {processor.py:161} INFO - Processing /opt/airflow/dags/elt_reddit_pipeline.py took 0.173 seconds
[2024-02-21 14:54:29,659] {processor.py:153} INFO - Started process (PID=98) to work on /opt/airflow/dags/elt_reddit_pipeline.py
[2024-02-21 14:54:29,661] {processor.py:641} INFO - Processing file /opt/airflow/dags/elt_reddit_pipeline.py for tasks to queue
[2024-02-21 14:54:29,662] {logging_mixin.py:115} INFO - [2024-02-21 14:54:29,662] {dagbag.py:507} INFO - Filling up the DagBag from /opt/airflow/dags/elt_reddit_pipeline.py
[2024-02-21 14:54:29,681] {processor.py:651} INFO - DAG(s) dict_keys(['elt_reddit_pipeline_weekly']) retrieved from /opt/airflow/dags/elt_reddit_pipeline.py
[2024-02-21 14:54:29,701] {logging_mixin.py:115} INFO - [2024-02-21 14:54:29,701] {dag.py:2379} INFO - Sync 1 DAGs
[2024-02-21 14:54:29,716] {logging_mixin.py:115} INFO - [2024-02-21 14:54:29,716] {dag.py:2931} INFO - Setting next_dagrun for elt_reddit_pipeline_weekly to 2024-02-21T00:00:00+00:00, run_after=2024-02-22T00:00:00+00:00
[2024-02-21 14:54:29,721] {processor.py:161} INFO - Processing /opt/airflow/dags/elt_reddit_pipeline.py took 0.072 seconds
[2024-02-21 14:54:59,884] {processor.py:153} INFO - Started process (PID=117) to work on /opt/airflow/dags/elt_reddit_pipeline.py
[2024-02-21 14:54:59,886] {processor.py:641} INFO - Processing file /opt/airflow/dags/elt_reddit_pipeline.py for tasks to queue
[2024-02-21 14:54:59,888] {logging_mixin.py:115} INFO - [2024-02-21 14:54:59,888] {dagbag.py:507} INFO - Filling up the DagBag from /opt/airflow/dags/elt_reddit_pipeline.py
[2024-02-21 14:54:59,918] {processor.py:651} INFO - DAG(s) dict_keys(['elt_reddit_pipeline_weekly']) retrieved from /opt/airflow/dags/elt_reddit_pipeline.py
[2024-02-21 14:54:59,943] {logging_mixin.py:115} INFO - [2024-02-21 14:54:59,943] {dag.py:2379} INFO - Sync 1 DAGs
[2024-02-21 14:54:59,956] {logging_mixin.py:115} INFO - [2024-02-21 14:54:59,956] {dag.py:2931} INFO - Setting next_dagrun for elt_reddit_pipeline_weekly to 2024-02-21T00:00:00+00:00, run_after=2024-02-22T00:00:00+00:00
[2024-02-21 14:54:59,963] {processor.py:161} INFO - Processing /opt/airflow/dags/elt_reddit_pipeline.py took 0.099 seconds
[2024-02-21 14:55:30,075] {processor.py:153} INFO - Started process (PID=145) to work on /opt/airflow/dags/elt_reddit_pipeline.py
[2024-02-21 14:55:30,076] {processor.py:641} INFO - Processing file /opt/airflow/dags/elt_reddit_pipeline.py for tasks to queue
[2024-02-21 14:55:30,077] {logging_mixin.py:115} INFO - [2024-02-21 14:55:30,077] {dagbag.py:507} INFO - Filling up the DagBag from /opt/airflow/dags/elt_reddit_pipeline.py
[2024-02-21 14:55:30,091] {processor.py:651} INFO - DAG(s) dict_keys(['elt_reddit_pipeline_weekly']) retrieved from /opt/airflow/dags/elt_reddit_pipeline.py
[2024-02-21 14:55:30,137] {logging_mixin.py:115} INFO - [2024-02-21 14:55:30,137] {dag.py:2379} INFO - Sync 1 DAGs
[2024-02-21 14:55:30,155] {logging_mixin.py:115} INFO - [2024-02-21 14:55:30,155] {dag.py:2931} INFO - Setting next_dagrun for elt_reddit_pipeline_weekly to 2024-02-21T00:00:00+00:00, run_after=2024-02-22T00:00:00+00:00
[2024-02-21 14:55:30,162] {processor.py:161} INFO - Processing /opt/airflow/dags/elt_reddit_pipeline.py took 0.091 seconds
[2024-02-21 14:56:00,273] {processor.py:153} INFO - Started process (PID=172) to work on /opt/airflow/dags/elt_reddit_pipeline.py
[2024-02-21 14:56:00,275] {processor.py:641} INFO - Processing file /opt/airflow/dags/elt_reddit_pipeline.py for tasks to queue
[2024-02-21 14:56:00,276] {logging_mixin.py:115} INFO - [2024-02-21 14:56:00,276] {dagbag.py:507} INFO - Filling up the DagBag from /opt/airflow/dags/elt_reddit_pipeline.py
[2024-02-21 14:56:00,312] {processor.py:651} INFO - DAG(s) dict_keys(['elt_reddit_pipeline_weekly']) retrieved from /opt/airflow/dags/elt_reddit_pipeline.py
[2024-02-21 14:56:00,348] {logging_mixin.py:115} INFO - [2024-02-21 14:56:00,348] {dag.py:2379} INFO - Sync 1 DAGs
[2024-02-21 14:56:00,366] {logging_mixin.py:115} INFO - [2024-02-21 14:56:00,366] {dag.py:2931} INFO - Setting next_dagrun for elt_reddit_pipeline_weekly to 2024-02-21T00:00:00+00:00, run_after=2024-02-22T00:00:00+00:00
[2024-02-21 14:56:00,372] {processor.py:161} INFO - Processing /opt/airflow/dags/elt_reddit_pipeline.py took 0.106 seconds
[2024-02-21 14:56:30,482] {processor.py:153} INFO - Started process (PID=200) to work on /opt/airflow/dags/elt_reddit_pipeline.py
[2024-02-21 14:56:30,484] {processor.py:641} INFO - Processing file /opt/airflow/dags/elt_reddit_pipeline.py for tasks to queue
[2024-02-21 14:56:30,485] {logging_mixin.py:115} INFO - [2024-02-21 14:56:30,485] {dagbag.py:507} INFO - Filling up the DagBag from /opt/airflow/dags/elt_reddit_pipeline.py
[2024-02-21 14:56:30,500] {processor.py:651} INFO - DAG(s) dict_keys(['elt_reddit_pipeline_weekly']) retrieved from /opt/airflow/dags/elt_reddit_pipeline.py
[2024-02-21 14:56:30,526] {logging_mixin.py:115} INFO - [2024-02-21 14:56:30,526] {dag.py:2379} INFO - Sync 1 DAGs
[2024-02-21 14:56:30,539] {logging_mixin.py:115} INFO - [2024-02-21 14:56:30,539] {dag.py:2931} INFO - Setting next_dagrun for elt_reddit_pipeline_weekly to 2024-02-21T00:00:00+00:00, run_after=2024-02-22T00:00:00+00:00
[2024-02-21 14:56:30,544] {processor.py:161} INFO - Processing /opt/airflow/dags/elt_reddit_pipeline.py took 0.067 seconds
[2024-02-21 14:57:00,740] {processor.py:153} INFO - Started process (PID=227) to work on /opt/airflow/dags/elt_reddit_pipeline.py
[2024-02-21 14:57:00,741] {processor.py:641} INFO - Processing file /opt/airflow/dags/elt_reddit_pipeline.py for tasks to queue
[2024-02-21 14:57:00,742] {logging_mixin.py:115} INFO - [2024-02-21 14:57:00,742] {dagbag.py:507} INFO - Filling up the DagBag from /opt/airflow/dags/elt_reddit_pipeline.py
[2024-02-21 14:57:00,752] {processor.py:651} INFO - DAG(s) dict_keys(['elt_reddit_pipeline_weekly']) retrieved from /opt/airflow/dags/elt_reddit_pipeline.py
[2024-02-21 14:57:00,777] {logging_mixin.py:115} INFO - [2024-02-21 14:57:00,777] {dag.py:2379} INFO - Sync 1 DAGs
[2024-02-21 14:57:00,797] {logging_mixin.py:115} INFO - [2024-02-21 14:57:00,797] {dag.py:2931} INFO - Setting next_dagrun for elt_reddit_pipeline_weekly to 2024-02-21T00:00:00+00:00, run_after=2024-02-22T00:00:00+00:00
[2024-02-21 14:57:00,805] {processor.py:161} INFO - Processing /opt/airflow/dags/elt_reddit_pipeline.py took 0.069 seconds
[2024-02-21 14:57:30,945] {processor.py:153} INFO - Started process (PID=246) to work on /opt/airflow/dags/elt_reddit_pipeline.py
[2024-02-21 14:57:30,946] {processor.py:641} INFO - Processing file /opt/airflow/dags/elt_reddit_pipeline.py for tasks to queue
[2024-02-21 14:57:30,946] {logging_mixin.py:115} INFO - [2024-02-21 14:57:30,946] {dagbag.py:507} INFO - Filling up the DagBag from /opt/airflow/dags/elt_reddit_pipeline.py
[2024-02-21 14:57:30,956] {processor.py:651} INFO - DAG(s) dict_keys(['elt_reddit_pipeline_weekly']) retrieved from /opt/airflow/dags/elt_reddit_pipeline.py
[2024-02-21 14:57:30,992] {logging_mixin.py:115} INFO - [2024-02-21 14:57:30,992] {dag.py:2379} INFO - Sync 1 DAGs
[2024-02-21 14:57:31,015] {logging_mixin.py:115} INFO - [2024-02-21 14:57:31,015] {dag.py:2931} INFO - Setting next_dagrun for elt_reddit_pipeline_weekly to 2024-02-21T00:00:00+00:00, run_after=2024-02-22T00:00:00+00:00
[2024-02-21 14:57:31,021] {processor.py:161} INFO - Processing /opt/airflow/dags/elt_reddit_pipeline.py took 0.079 seconds
[2024-02-21 14:58:01,168] {processor.py:153} INFO - Started process (PID=274) to work on /opt/airflow/dags/elt_reddit_pipeline.py
[2024-02-21 14:58:01,170] {processor.py:641} INFO - Processing file /opt/airflow/dags/elt_reddit_pipeline.py for tasks to queue
[2024-02-21 14:58:01,171] {logging_mixin.py:115} INFO - [2024-02-21 14:58:01,171] {dagbag.py:507} INFO - Filling up the DagBag from /opt/airflow/dags/elt_reddit_pipeline.py
[2024-02-21 14:58:01,188] {processor.py:651} INFO - DAG(s) dict_keys(['elt_reddit_pipeline_weekly']) retrieved from /opt/airflow/dags/elt_reddit_pipeline.py
[2024-02-21 14:58:01,227] {logging_mixin.py:115} INFO - [2024-02-21 14:58:01,227] {dag.py:2379} INFO - Sync 1 DAGs
[2024-02-21 14:58:01,259] {logging_mixin.py:115} INFO - [2024-02-21 14:58:01,259] {dag.py:2931} INFO - Setting next_dagrun for elt_reddit_pipeline_weekly to 2024-02-21T00:00:00+00:00, run_after=2024-02-22T00:00:00+00:00
[2024-02-21 14:58:01,266] {processor.py:161} INFO - Processing /opt/airflow/dags/elt_reddit_pipeline.py took 0.104 seconds
[2024-02-21 14:58:31,408] {processor.py:153} INFO - Started process (PID=302) to work on /opt/airflow/dags/elt_reddit_pipeline.py
[2024-02-21 14:58:31,410] {processor.py:641} INFO - Processing file /opt/airflow/dags/elt_reddit_pipeline.py for tasks to queue
[2024-02-21 14:58:31,411] {logging_mixin.py:115} INFO - [2024-02-21 14:58:31,411] {dagbag.py:507} INFO - Filling up the DagBag from /opt/airflow/dags/elt_reddit_pipeline.py
[2024-02-21 14:58:31,428] {processor.py:651} INFO - DAG(s) dict_keys(['elt_reddit_pipeline_weekly']) retrieved from /opt/airflow/dags/elt_reddit_pipeline.py
[2024-02-21 14:58:31,474] {logging_mixin.py:115} INFO - [2024-02-21 14:58:31,474] {dag.py:2379} INFO - Sync 1 DAGs
[2024-02-21 14:58:31,493] {logging_mixin.py:115} INFO - [2024-02-21 14:58:31,493] {dag.py:2931} INFO - Setting next_dagrun for elt_reddit_pipeline_weekly to 2024-02-21T00:00:00+00:00, run_after=2024-02-22T00:00:00+00:00
[2024-02-21 14:58:31,500] {processor.py:161} INFO - Processing /opt/airflow/dags/elt_reddit_pipeline.py took 0.098 seconds
[2024-02-21 14:59:01,588] {processor.py:153} INFO - Started process (PID=329) to work on /opt/airflow/dags/elt_reddit_pipeline.py
[2024-02-21 14:59:01,590] {processor.py:641} INFO - Processing file /opt/airflow/dags/elt_reddit_pipeline.py for tasks to queue
[2024-02-21 14:59:01,591] {logging_mixin.py:115} INFO - [2024-02-21 14:59:01,591] {dagbag.py:507} INFO - Filling up the DagBag from /opt/airflow/dags/elt_reddit_pipeline.py
[2024-02-21 14:59:01,610] {processor.py:651} INFO - DAG(s) dict_keys(['elt_reddit_pipeline_weekly']) retrieved from /opt/airflow/dags/elt_reddit_pipeline.py
[2024-02-21 14:59:01,639] {logging_mixin.py:115} INFO - [2024-02-21 14:59:01,639] {dag.py:2379} INFO - Sync 1 DAGs
[2024-02-21 14:59:01,653] {logging_mixin.py:115} INFO - [2024-02-21 14:59:01,653] {dag.py:2931} INFO - Setting next_dagrun for elt_reddit_pipeline_weekly to 2024-02-21T00:00:00+00:00, run_after=2024-02-22T00:00:00+00:00
[2024-02-21 14:59:01,659] {processor.py:161} INFO - Processing /opt/airflow/dags/elt_reddit_pipeline.py took 0.080 seconds
[2024-02-21 14:59:31,795] {processor.py:153} INFO - Started process (PID=357) to work on /opt/airflow/dags/elt_reddit_pipeline.py
[2024-02-21 14:59:31,796] {processor.py:641} INFO - Processing file /opt/airflow/dags/elt_reddit_pipeline.py for tasks to queue
[2024-02-21 14:59:31,796] {logging_mixin.py:115} INFO - [2024-02-21 14:59:31,796] {dagbag.py:507} INFO - Filling up the DagBag from /opt/airflow/dags/elt_reddit_pipeline.py
[2024-02-21 14:59:31,821] {processor.py:651} INFO - DAG(s) dict_keys(['elt_reddit_pipeline_weekly']) retrieved from /opt/airflow/dags/elt_reddit_pipeline.py
[2024-02-21 14:59:31,838] {logging_mixin.py:115} INFO - [2024-02-21 14:59:31,838] {dag.py:2379} INFO - Sync 1 DAGs
[2024-02-21 14:59:31,850] {logging_mixin.py:115} INFO - [2024-02-21 14:59:31,850] {dag.py:2931} INFO - Setting next_dagrun for elt_reddit_pipeline_weekly to 2024-02-21T00:00:00+00:00, run_after=2024-02-22T00:00:00+00:00
[2024-02-21 14:59:31,855] {processor.py:161} INFO - Processing /opt/airflow/dags/elt_reddit_pipeline.py took 0.063 seconds
[2024-02-21 15:00:01,943] {processor.py:153} INFO - Started process (PID=376) to work on /opt/airflow/dags/elt_reddit_pipeline.py
[2024-02-21 15:00:01,943] {processor.py:641} INFO - Processing file /opt/airflow/dags/elt_reddit_pipeline.py for tasks to queue
[2024-02-21 15:00:01,944] {logging_mixin.py:115} INFO - [2024-02-21 15:00:01,944] {dagbag.py:507} INFO - Filling up the DagBag from /opt/airflow/dags/elt_reddit_pipeline.py
[2024-02-21 15:00:01,963] {processor.py:651} INFO - DAG(s) dict_keys(['elt_reddit_pipeline_weekly']) retrieved from /opt/airflow/dags/elt_reddit_pipeline.py
[2024-02-21 15:00:01,989] {logging_mixin.py:115} INFO - [2024-02-21 15:00:01,989] {dag.py:2379} INFO - Sync 1 DAGs
[2024-02-21 15:00:02,004] {logging_mixin.py:115} INFO - [2024-02-21 15:00:02,003] {dag.py:2931} INFO - Setting next_dagrun for elt_reddit_pipeline_weekly to 2024-02-21T00:00:00+00:00, run_after=2024-02-22T00:00:00+00:00
[2024-02-21 15:00:02,009] {processor.py:161} INFO - Processing /opt/airflow/dags/elt_reddit_pipeline.py took 0.069 seconds
