[2024-02-21 14:53:34,014] {taskinstance.py:1159} INFO - Dependencies all met for <TaskInstance: elt_reddit_pipeline_weekly.extract_reddit_data scheduled__2024-02-20T00:00:00+00:00 [queued]>
[2024-02-21 14:53:34,026] {taskinstance.py:1159} INFO - Dependencies all met for <TaskInstance: elt_reddit_pipeline_weekly.extract_reddit_data scheduled__2024-02-20T00:00:00+00:00 [queued]>
[2024-02-21 14:53:34,026] {taskinstance.py:1356} INFO - 
--------------------------------------------------------------------------------
[2024-02-21 14:53:34,026] {taskinstance.py:1357} INFO - Starting attempt 1 of 2
[2024-02-21 14:53:34,027] {taskinstance.py:1358} INFO - 
--------------------------------------------------------------------------------
[2024-02-21 14:53:34,037] {taskinstance.py:1377} INFO - Executing <Task(BashOperator): extract_reddit_data> on 2024-02-20 00:00:00+00:00
[2024-02-21 14:53:34,041] {standard_task_runner.py:52} INFO - Started process 69 to run task
[2024-02-21 14:53:34,044] {standard_task_runner.py:79} INFO - Running: ['***', 'tasks', 'run', 'elt_reddit_pipeline_weekly', 'extract_reddit_data', 'scheduled__2024-02-20T00:00:00+00:00', '--job-id', '26', '--raw', '--subdir', 'DAGS_FOLDER/elt_reddit_pipeline.py', '--cfg-path', '/tmp/tmpxoub9scd', '--error-file', '/tmp/tmpea7inr1v']
[2024-02-21 14:53:34,045] {standard_task_runner.py:80} INFO - Job 26: Subtask extract_reddit_data
[2024-02-21 14:53:34,101] {task_command.py:370} INFO - Running <TaskInstance: elt_reddit_pipeline_weekly.extract_reddit_data scheduled__2024-02-20T00:00:00+00:00 [running]> on host 7f17b285f3b4
[2024-02-21 14:53:34,162] {taskinstance.py:1571} INFO - Exporting the following env vars:
AIRFLOW_CTX_DAG_OWNER=***
AIRFLOW_CTX_DAG_ID=elt_reddit_pipeline_weekly
AIRFLOW_CTX_TASK_ID=extract_reddit_data
AIRFLOW_CTX_EXECUTION_DATE=2024-02-20T00:00:00+00:00
AIRFLOW_CTX_TRY_NUMBER=1
AIRFLOW_CTX_DAG_RUN_ID=scheduled__2024-02-20T00:00:00+00:00
[2024-02-21 14:53:34,163] {subprocess.py:62} INFO - Tmp dir root location: 
 /tmp
[2024-02-21 14:53:34,163] {subprocess.py:74} INFO - Running command: ['bash', '-c', 'python /opt/***/extraction/extract_reddit_etl.py 20240221']
[2024-02-21 14:53:34,180] {subprocess.py:85} INFO - Output:
[2024-02-21 14:53:37,739] {subprocess.py:96} INFO - Command exited with return code 0
[2024-02-21 14:53:37,776] {taskinstance.py:1400} INFO - Marking task as SUCCESS. dag_id=elt_reddit_pipeline_weekly, task_id=extract_reddit_data, execution_date=20240220T000000, start_date=20240221T145334, end_date=20240221T145337
[2024-02-21 14:53:37,794] {local_task_job.py:156} INFO - Task exited with return code 0
[2024-02-21 14:53:37,831] {local_task_job.py:273} INFO - 1 downstream tasks scheduled from follow-on schedule check
