[2024-02-19 23:59:00,187] {taskinstance.py:1159} INFO - Dependencies all met for <TaskInstance: elt_reddit_pipeline_weekly.upload_to_s3 scheduled__2024-02-18T00:00:00+00:00 [queued]>
[2024-02-19 23:59:00,191] {taskinstance.py:1159} INFO - Dependencies all met for <TaskInstance: elt_reddit_pipeline_weekly.upload_to_s3 scheduled__2024-02-18T00:00:00+00:00 [queued]>
[2024-02-19 23:59:00,191] {taskinstance.py:1356} INFO - 
--------------------------------------------------------------------------------
[2024-02-19 23:59:00,191] {taskinstance.py:1357} INFO - Starting attempt 1 of 2
[2024-02-19 23:59:00,191] {taskinstance.py:1358} INFO - 
--------------------------------------------------------------------------------
[2024-02-19 23:59:00,197] {taskinstance.py:1377} INFO - Executing <Task(BashOperator): upload_to_s3> on 2024-02-18 00:00:00+00:00
[2024-02-19 23:59:00,200] {standard_task_runner.py:52} INFO - Started process 83 to run task
[2024-02-19 23:59:00,202] {standard_task_runner.py:79} INFO - Running: ['***', 'tasks', 'run', 'elt_reddit_pipeline_weekly', 'upload_to_s3', 'scheduled__2024-02-18T00:00:00+00:00', '--job-id', '19', '--raw', '--subdir', 'DAGS_FOLDER/elt_reddit_pipeline.py', '--cfg-path', '/tmp/tmp9_pon6j7', '--error-file', '/tmp/tmpujywqnu_']
[2024-02-19 23:59:00,202] {standard_task_runner.py:80} INFO - Job 19: Subtask upload_to_s3
[2024-02-19 23:59:00,225] {task_command.py:370} INFO - Running <TaskInstance: elt_reddit_pipeline_weekly.upload_to_s3 scheduled__2024-02-18T00:00:00+00:00 [running]> on host 7f17b285f3b4
[2024-02-19 23:59:00,253] {taskinstance.py:1571} INFO - Exporting the following env vars:
AIRFLOW_CTX_DAG_OWNER=***
AIRFLOW_CTX_DAG_ID=elt_reddit_pipeline_weekly
AIRFLOW_CTX_TASK_ID=upload_to_s3
AIRFLOW_CTX_EXECUTION_DATE=2024-02-18T00:00:00+00:00
AIRFLOW_CTX_TRY_NUMBER=1
AIRFLOW_CTX_DAG_RUN_ID=scheduled__2024-02-18T00:00:00+00:00
[2024-02-19 23:59:00,254] {subprocess.py:62} INFO - Tmp dir root location: 
 /tmp
[2024-02-19 23:59:00,254] {subprocess.py:74} INFO - Running command: ['bash', '-c', 'python /opt/***/extraction/upload_aws_s3_etl.py 20240219']
[2024-02-19 23:59:00,259] {subprocess.py:85} INFO - Output:
[2024-02-19 23:59:01,566] {subprocess.py:96} INFO - Command exited with return code 0
[2024-02-19 23:59:01,592] {taskinstance.py:1400} INFO - Marking task as SUCCESS. dag_id=elt_reddit_pipeline_weekly, task_id=upload_to_s3, execution_date=20240218T000000, start_date=20240219T235900, end_date=20240219T235901
[2024-02-19 23:59:01,642] {local_task_job.py:156} INFO - Task exited with return code 0
[2024-02-19 23:59:01,669] {local_task_job.py:273} INFO - 1 downstream tasks scheduled from follow-on schedule check
