[2024-02-19 20:46:41,856] {taskinstance.py:1159} INFO - Dependencies all met for <TaskInstance: elt_reddit_pipeline.copy_to_redshift scheduled__2024-02-18T00:00:00+00:00 [queued]>
[2024-02-19 20:46:41,861] {taskinstance.py:1159} INFO - Dependencies all met for <TaskInstance: elt_reddit_pipeline.copy_to_redshift scheduled__2024-02-18T00:00:00+00:00 [queued]>
[2024-02-19 20:46:41,861] {taskinstance.py:1356} INFO - 
--------------------------------------------------------------------------------
[2024-02-19 20:46:41,861] {taskinstance.py:1357} INFO - Starting attempt 1 of 2
[2024-02-19 20:46:41,861] {taskinstance.py:1358} INFO - 
--------------------------------------------------------------------------------
[2024-02-19 20:46:41,868] {taskinstance.py:1377} INFO - Executing <Task(BashOperator): copy_to_redshift> on 2024-02-18 00:00:00+00:00
[2024-02-19 20:46:41,872] {standard_task_runner.py:52} INFO - Started process 91 to run task
[2024-02-19 20:46:41,874] {standard_task_runner.py:79} INFO - Running: ['***', 'tasks', 'run', 'elt_reddit_pipeline', 'copy_to_redshift', 'scheduled__2024-02-18T00:00:00+00:00', '--job-id', '5', '--raw', '--subdir', 'DAGS_FOLDER/elt_reddit_pipeline.py', '--cfg-path', '/tmp/tmpqgeerpla', '--error-file', '/tmp/tmpp_rixj5l']
[2024-02-19 20:46:41,874] {standard_task_runner.py:80} INFO - Job 5: Subtask copy_to_redshift
[2024-02-19 20:46:41,898] {task_command.py:370} INFO - Running <TaskInstance: elt_reddit_pipeline.copy_to_redshift scheduled__2024-02-18T00:00:00+00:00 [running]> on host 6e721f38b1d5
[2024-02-19 20:46:41,940] {taskinstance.py:1571} INFO - Exporting the following env vars:
AIRFLOW_CTX_DAG_OWNER=***
AIRFLOW_CTX_DAG_ID=elt_reddit_pipeline
AIRFLOW_CTX_TASK_ID=copy_to_redshift
AIRFLOW_CTX_EXECUTION_DATE=2024-02-18T00:00:00+00:00
AIRFLOW_CTX_TRY_NUMBER=1
AIRFLOW_CTX_DAG_RUN_ID=scheduled__2024-02-18T00:00:00+00:00
[2024-02-19 20:46:41,941] {subprocess.py:62} INFO - Tmp dir root location: 
 /tmp
[2024-02-19 20:46:41,941] {subprocess.py:74} INFO - Running command: ['bash', '-c', 'python /opt/***/extraction/upload_aws_redshift_etl.py 20240219']
[2024-02-19 20:46:41,947] {subprocess.py:85} INFO - Output:
[2024-02-19 20:47:22,600] {subprocess.py:96} INFO - Command exited with return code 0
[2024-02-19 20:47:22,669] {taskinstance.py:1400} INFO - Marking task as SUCCESS. dag_id=elt_reddit_pipeline, task_id=copy_to_redshift, execution_date=20240218T000000, start_date=20240219T204641, end_date=20240219T204722
[2024-02-19 20:47:22,707] {local_task_job.py:156} INFO - Task exited with return code 0
[2024-02-19 20:47:22,722] {local_task_job.py:273} INFO - 0 downstream tasks scheduled from follow-on schedule check
